# JRE version: OpenJDK Runtime Environment (8.0_242) (build 1.8.0_242-release-1644-b3-6222593)
# Java VM: OpenJDK 64-Bit Server VM (25.242-b3-6222593 mixed mode linux-amd64 compressed oops)
Heap:
 PSYoungGen      total 166912K, used 34790K [0x0000000781f00000, 0x000000078ef80000, 0x00000007c0000000)
  eden space 132096K, 0% used [0x0000000781f00000,0x0000000781f00000,0x000000078a000000)
  from space 34816K, 99% used [0x000000078a000000,0x000000078c1f9850,0x000000078c200000)
  to   space 27136K, 0% used [0x000000078c200000,0x000000078c200000,0x000000078dc80000)
 ParOldGen       total 145408K, used 45773K [0x0000000705c00000, 0x000000070ea00000, 0x0000000781f00000)
  object space 145408K, 31% used [0x0000000705c00000,0x00000007088b3558,0x000000070ea00000)
 Metaspace       used 57818K, capacity 58894K, committed 59028K, reserved 1101824K
  class space    used 7022K, capacity 7300K, committed 7316K, reserved 1048576K
GC Heap History (10 events):
Event: 12.845 GC heap after
Heap after GC invocations=6 (full 1):
 PSYoungGen      total 74240K, used 7660K [0x0000000781f00000, 0x000000078aa80000, 0x00000007c0000000)
  eden space 66560K, 0% used [0x0000000781f00000,0x0000000781f00000,0x0000000786000000)
  from space 7680K, 99% used [0x0000000786000000,0x000000078677b120,0x0000000786780000)
  to   space 19456K, 0% used [0x0000000789780000,0x0000000789780000,0x000000078aa80000)
 ParOldGen       total 96768K, used 26796K [0x0000000705c00000, 0x000000070ba80000, 0x0000000781f00000)
  object space 96768K, 27% used [0x0000000705c00000,0x000000070762b288,0x000000070ba80000)
 Metaspace       used 34660K, capacity 35073K, committed 35416K, reserved 1081344K
  class space    used 4409K, capacity 4540K, committed 4608K, reserved 1048576K
}
Event: 12.845 GC heap before
{Heap before GC invocations=7 (full 2):
 PSYoungGen      total 74240K, used 7660K [0x0000000781f00000, 0x000000078aa80000, 0x00000007c0000000)
  eden space 66560K, 0% used [0x0000000781f00000,0x0000000781f00000,0x0000000786000000)
  from space 7680K, 99% used [0x0000000786000000,0x000000078677b120,0x0000000786780000)
  to   space 19456K, 0% used [0x0000000789780000,0x0000000789780000,0x000000078aa80000)
 ParOldGen       total 96768K, used 26796K [0x0000000705c00000, 0x000000070ba80000, 0x0000000781f00000)
  object space 96768K, 27% used [0x0000000705c00000,0x000000070762b288,0x000000070ba80000)
 Metaspace       used 34660K, capacity 35073K, committed 35416K, reserved 1081344K
  class space    used 4409K, capacity 4540K, committed 4608K, reserved 1048576K
Event: 12.999 GC heap after
Heap after GC invocations=7 (full 2):
 PSYoungGen      total 74240K, used 0K [0x0000000781f00000, 0x000000078aa80000, 0x00000007c0000000)
  eden space 66560K, 0% used [0x0000000781f00000,0x0000000781f00000,0x0000000786000000)
  from space 7680K, 0% used [0x0000000786000000,0x0000000786000000,0x0000000786780000)
  to   space 19456K, 0% used [0x0000000789780000,0x0000000789780000,0x000000078aa80000)
 ParOldGen       total 145408K, used 16221K [0x0000000705c00000, 0x000000070ea00000, 0x0000000781f00000)
  object space 145408K, 11% used [0x0000000705c00000,0x0000000706bd7600,0x000000070ea00000)
 Metaspace       used 34660K, capacity 35073K, committed 35416K, reserved 1081344K
  class space    used 4409K, capacity 4540K, committed 4608K, reserved 1048576K
}
Event: 16.752 GC heap before
{Heap before GC invocations=8 (full 2):
 PSYoungGen      total 74240K, used 66560K [0x0000000781f00000, 0x000000078aa80000, 0x00000007c0000000)
  eden space 66560K, 100% used [0x0000000781f00000,0x0000000786000000,0x0000000786000000)
  from space 7680K, 0% used [0x0000000786000000,0x0000000786000000,0x0000000786780000)
  to   space 19456K, 0% used [0x0000000789780000,0x0000000789780000,0x000000078aa80000)
 ParOldGen       total 145408K, used 16221K [0x0000000705c00000, 0x000000070ea00000, 0x0000000781f00000)
  object space 145408K, 11% used [0x0000000705c00000,0x0000000706bd7600,0x000000070ea00000)
 Metaspace       used 40191K, capacity 40780K, committed 41216K, reserved 1085440K
  class space    used 4959K, capacity 5101K, committed 5120K, reserved 1048576K
Event: 16.807 GC heap after
Heap after GC invocations=8 (full 2):
 PSYoungGen      total 111616K, used 13415K [0x0000000781f00000, 0x000000078a500000, 0x00000007c0000000)
  eden space 97792K, 0% used [0x0000000781f00000,0x0000000781f00000,0x0000000787e80000)
  from space 13824K, 97% used [0x0000000789780000,0x000000078a499d90,0x000000078a500000)
  to   space 18944K, 0% used [0x0000000788000000,0x0000000788000000,0x0000000789280000)
 ParOldGen       total 145408K, used 16229K [0x0000000705c00000, 0x000000070ea00000, 0x0000000781f00000)
  object space 145408K, 11% used [0x0000000705c00000,0x0000000706bd9600,0x000000070ea00000)
 Metaspace       used 40191K, capacity 40780K, committed 41216K, reserved 1085440K
  class space    used 4959K, capacity 5101K, committed 5120K, reserved 1048576K
}
Event: 25.715 GC heap before
{Heap before GC invocations=9 (full 2):
 PSYoungGen      total 111616K, used 111207K [0x0000000781f00000, 0x000000078a500000, 0x00000007c0000000)
  eden space 97792K, 100% used [0x0000000781f00000,0x0000000787e80000,0x0000000787e80000)
  from space 13824K, 97% used [0x0000000789780000,0x000000078a499d90,0x000000078a500000)
  to   space 18944K, 0% used [0x0000000788000000,0x0000000788000000,0x0000000789280000)
 ParOldGen       total 145408K, used 16229K [0x0000000705c00000, 0x000000070ea00000, 0x0000000781f00000)
  object space 145408K, 11% used [0x0000000705c00000,0x0000000706bd9600,0x000000070ea00000)
 Metaspace       used 48004K, capacity 48824K, committed 49152K, reserved 1091584K
  class space    used 5816K, capacity 6023K, committed 6144K, reserved 1048576K
Event: 25.794 GC heap after
Heap after GC invocations=9 (full 2):
 PSYoungGen      total 118272K, used 18942K [0x0000000781f00000, 0x000000078dc80000, 0x00000007c0000000)
  eden space 99328K, 0% used [0x0000000781f00000,0x0000000781f00000,0x0000000788000000)
  from space 18944K, 99% used [0x0000000788000000,0x000000078927fbb0,0x0000000789280000)
  to   space 27136K, 0% used [0x000000078c200000,0x000000078c200000,0x000000078dc80000)
 ParOldGen       total 145408K, used 27903K [0x0000000705c00000, 0x000000070ea00000, 0x0000000781f00000)
  object space 145408K, 19% used [0x0000000705c00000,0x000000070773fe80,0x000000070ea00000)
 Metaspace       used 48004K, capacity 48824K, committed 49152K, reserved 1091584K
  class space    used 5816K, capacity 6023K, committed 6144K, reserved 1048576K
}
Event: 35.971 GC heap before
{Heap before GC invocations=10 (full 2):
 PSYoungGen      total 118272K, used 118270K [0x0000000781f00000, 0x000000078dc80000, 0x00000007c0000000)
  eden space 99328K, 100% used [0x0000000781f00000,0x0000000788000000,0x0000000788000000)
  from space 18944K, 99% used [0x0000000788000000,0x000000078927fbb0,0x0000000789280000)
  to   space 27136K, 0% used [0x000000078c200000,0x000000078c200000,0x000000078dc80000)
 ParOldGen       total 145408K, used 27903K [0x0000000705c00000, 0x000000070ea00000, 0x0000000781f00000)
  object space 145408K, 19% used [0x0000000705c00000,0x000000070773fe80,0x000000070ea00000)
 Metaspace       used 54016K, capacity 55040K, committed 55424K, reserved 1097728K
  class space    used 6694K, capacity 6935K, committed 7040K, reserved 1048576K
Event: 36.204 GC heap after
Heap after GC invocations=10 (full 2):
 PSYoungGen      total 159232K, used 27126K [0x0000000781f00000, 0x000000078ef80000, 0x00000007c0000000)
  eden space 132096K, 0% used [0x0000000781f00000,0x0000000781f00000,0x000000078a000000)
  from space 27136K, 99% used [0x000000078c200000,0x000000078dc7db48,0x000000078dc80000)
  to   space 34816K, 0% used [0x000000078a000000,0x000000078a000000,0x000000078c200000)
 ParOldGen       total 145408K, used 35934K [0x0000000705c00000, 0x000000070ea00000, 0x0000000781f00000)
  object space 145408K, 24% used [0x0000000705c00000,0x0000000707f17830,0x000000070ea00000)
 Metaspace       used 54016K, capacity 55040K, committed 55424K, reserved 1097728K
  class space    used 6694K, capacity 6935K, committed 7040K, reserved 1048576K
}
Event: 58.584 GC heap before
{Heap before GC invocations=11 (full 2):
 PSYoungGen      total 159232K, used 99153K [0x0000000781f00000, 0x000000078ef80000, 0x00000007c0000000)
  eden space 132096K, 54% used [0x0000000781f00000,0x0000000786556a20,0x000000078a000000)
  from space 27136K, 99% used [0x000000078c200000,0x000000078dc7db48,0x000000078dc80000)
  to   space 34816K, 0% used [0x000000078a000000,0x000000078a000000,0x000000078c200000)
 ParOldGen       total 145408K, used 35934K [0x0000000705c00000, 0x000000070ea00000, 0x0000000781f00000)
  object space 145408K, 24% used [0x0000000705c00000,0x0000000707f17830,0x000000070ea00000)
 Metaspace       used 57818K, capacity 58894K, committed 59028K, reserved 1101824K
  class space    used 7022K, capacity 7300K, committed 7316K, reserved 1048576K

